[2022-04-13 15:39:57,834] multiqc                                            [DEBUG  ]  No MultiQC config found: /opt/software/MultiQC/1.9-intel-2020a-Python-3.8.2/lib/python3.8/site-packages/multiqc_config.yaml
[2022-04-13 15:39:57,835] multiqc                                            [DEBUG  ]  No MultiQC config found: /home/jillashey/.multiqc_config.yaml
[2022-04-13 15:39:57,836] multiqc                                            [DEBUG  ]  No MultiQC config found: multiqc_config.yaml
[2022-04-13 15:39:57,836] multiqc                                            [DEBUG  ]  Command used: /opt/software/MultiQC/1.9-intel-2020a-Python-3.8.2/bin/multiqc 11_2.fastq.trim_fastqc.zip 1_2.fastq.trim_fastqc.zip 19_T33_Ac_WK.fastq.trim_fastqc.zip 2_2.fastq.trim_fastqc.zip 24_T12_Ac_FM.fastq.trim_fastqc.zip 25_ctl1_Ac_GF_2.fastq.trim_fastqc.zip 27_ctl2_Ac_YG_2.fastq.trim_fastqc.zip 28_2.fastq.trim_fastqc.zip 31_2.fastq.trim_fastqc.zip 31_T22_Ac_UV.fastq.trim_fastqc.zip 35_2.fastq.trim_fastqc.zip 35_T43_Ac_MT.fastq.trim_fastqc.zip 36_2.fastq.trim_fastqc.zip 37_T13_Ac_ML.fastq.trim_fastqc.zip 38_2.fastq.trim_fastqc.zip 38_T23_Ac_IN.fastq.trim_fastqc.zip 39_2.fastq.trim_fastqc.zip 41_2.fastq.trim_fastqc.zip 41_ctl3_Ac_RN_2.fastq.trim_fastqc.zip 42_2.fastq.trim_fastqc.zip 4_2.fastq.trim_fastqc.zip 45_T41_Ac_SC_2.fastq.trim_fastqc.zip 47_2.fastq.trim_fastqc.zip 47_T31_Ac_JB.fastq.trim_fastqc.zip 52_T11_Ac_II.fastq.trim_fastqc.zip 53_T21_Ac_NH.fastq.trim_fastqc.zip 54_T42_Ac_JQ.fastq.trim_fastqc.zip 57_T32_Ac_NM.fastq.trim_fastqc.zip -o .
[2022-04-13 15:39:58,485] multiqc                                            [WARNING]  MultiQC Version v1.12 now available!
[2022-04-13 15:39:58,486] multiqc                                            [INFO   ]  This is MultiQC v1.9
[2022-04-13 15:39:58,486] multiqc                                            [DEBUG  ]  Command     : /opt/software/MultiQC/1.9-intel-2020a-Python-3.8.2/bin/multiqc 11_2.fastq.trim_fastqc.zip 1_2.fastq.trim_fastqc.zip 19_T33_Ac_WK.fastq.trim_fastqc.zip 2_2.fastq.trim_fastqc.zip 24_T12_Ac_FM.fastq.trim_fastqc.zip 25_ctl1_Ac_GF_2.fastq.trim_fastqc.zip 27_ctl2_Ac_YG_2.fastq.trim_fastqc.zip 28_2.fastq.trim_fastqc.zip 31_2.fastq.trim_fastqc.zip 31_T22_Ac_UV.fastq.trim_fastqc.zip 35_2.fastq.trim_fastqc.zip 35_T43_Ac_MT.fastq.trim_fastqc.zip 36_2.fastq.trim_fastqc.zip 37_T13_Ac_ML.fastq.trim_fastqc.zip 38_2.fastq.trim_fastqc.zip 38_T23_Ac_IN.fastq.trim_fastqc.zip 39_2.fastq.trim_fastqc.zip 41_2.fastq.trim_fastqc.zip 41_ctl3_Ac_RN_2.fastq.trim_fastqc.zip 42_2.fastq.trim_fastqc.zip 4_2.fastq.trim_fastqc.zip 45_T41_Ac_SC_2.fastq.trim_fastqc.zip 47_2.fastq.trim_fastqc.zip 47_T31_Ac_JB.fastq.trim_fastqc.zip 52_T11_Ac_II.fastq.trim_fastqc.zip 53_T21_Ac_NH.fastq.trim_fastqc.zip 54_T42_Ac_JQ.fastq.trim_fastqc.zip 57_T32_Ac_NM.fastq.trim_fastqc.zip -o .
[2022-04-13 15:39:58,486] multiqc                                            [DEBUG  ]  Working dir : /glfs/brick01/gv0/putnamlab/jillashey/BIO594_FinalProject/QC/trimmed
[2022-04-13 15:39:58,486] multiqc                                            [INFO   ]  Template    : default
[2022-04-13 15:39:58,486] multiqc                                            [DEBUG  ]  Running Python 3.8.2 (default, May 13 2020, 12:13:08)  [GCC 9.3.0]
[2022-04-13 15:39:58,486] multiqc                                            [INFO   ]  Searching   : /glfs/brick01/gv0/putnamlab/jillashey/BIO594_FinalProject/QC/trimmed/11_2.fastq.trim_fastqc.zip
[2022-04-13 15:39:58,487] multiqc                                            [INFO   ]  Searching   : /glfs/brick01/gv0/putnamlab/jillashey/BIO594_FinalProject/QC/trimmed/1_2.fastq.trim_fastqc.zip
[2022-04-13 15:39:58,487] multiqc                                            [INFO   ]  Searching   : /glfs/brick01/gv0/putnamlab/jillashey/BIO594_FinalProject/QC/trimmed/19_T33_Ac_WK.fastq.trim_fastqc.zip
[2022-04-13 15:39:58,487] multiqc                                            [INFO   ]  Searching   : /glfs/brick01/gv0/putnamlab/jillashey/BIO594_FinalProject/QC/trimmed/2_2.fastq.trim_fastqc.zip
[2022-04-13 15:39:58,487] multiqc                                            [INFO   ]  Searching   : /glfs/brick01/gv0/putnamlab/jillashey/BIO594_FinalProject/QC/trimmed/24_T12_Ac_FM.fastq.trim_fastqc.zip
[2022-04-13 15:39:58,487] multiqc                                            [INFO   ]  Searching   : /glfs/brick01/gv0/putnamlab/jillashey/BIO594_FinalProject/QC/trimmed/25_ctl1_Ac_GF_2.fastq.trim_fastqc.zip
[2022-04-13 15:39:58,487] multiqc                                            [INFO   ]  Searching   : /glfs/brick01/gv0/putnamlab/jillashey/BIO594_FinalProject/QC/trimmed/27_ctl2_Ac_YG_2.fastq.trim_fastqc.zip
[2022-04-13 15:39:58,487] multiqc                                            [INFO   ]  Searching   : /glfs/brick01/gv0/putnamlab/jillashey/BIO594_FinalProject/QC/trimmed/28_2.fastq.trim_fastqc.zip
[2022-04-13 15:39:58,487] multiqc                                            [INFO   ]  Searching   : /glfs/brick01/gv0/putnamlab/jillashey/BIO594_FinalProject/QC/trimmed/31_2.fastq.trim_fastqc.zip
[2022-04-13 15:39:58,487] multiqc                                            [INFO   ]  Searching   : /glfs/brick01/gv0/putnamlab/jillashey/BIO594_FinalProject/QC/trimmed/31_T22_Ac_UV.fastq.trim_fastqc.zip
[2022-04-13 15:39:58,487] multiqc                                            [INFO   ]  Searching   : /glfs/brick01/gv0/putnamlab/jillashey/BIO594_FinalProject/QC/trimmed/35_2.fastq.trim_fastqc.zip
[2022-04-13 15:39:58,488] multiqc                                            [INFO   ]  Searching   : /glfs/brick01/gv0/putnamlab/jillashey/BIO594_FinalProject/QC/trimmed/35_T43_Ac_MT.fastq.trim_fastqc.zip
[2022-04-13 15:39:58,488] multiqc                                            [INFO   ]  Searching   : /glfs/brick01/gv0/putnamlab/jillashey/BIO594_FinalProject/QC/trimmed/36_2.fastq.trim_fastqc.zip
[2022-04-13 15:39:58,488] multiqc                                            [INFO   ]  Searching   : /glfs/brick01/gv0/putnamlab/jillashey/BIO594_FinalProject/QC/trimmed/37_T13_Ac_ML.fastq.trim_fastqc.zip
[2022-04-13 15:39:58,488] multiqc                                            [INFO   ]  Searching   : /glfs/brick01/gv0/putnamlab/jillashey/BIO594_FinalProject/QC/trimmed/38_2.fastq.trim_fastqc.zip
[2022-04-13 15:39:58,488] multiqc                                            [INFO   ]  Searching   : /glfs/brick01/gv0/putnamlab/jillashey/BIO594_FinalProject/QC/trimmed/38_T23_Ac_IN.fastq.trim_fastqc.zip
[2022-04-13 15:39:58,488] multiqc                                            [INFO   ]  Searching   : /glfs/brick01/gv0/putnamlab/jillashey/BIO594_FinalProject/QC/trimmed/39_2.fastq.trim_fastqc.zip
[2022-04-13 15:39:58,488] multiqc                                            [INFO   ]  Searching   : /glfs/brick01/gv0/putnamlab/jillashey/BIO594_FinalProject/QC/trimmed/41_2.fastq.trim_fastqc.zip
[2022-04-13 15:39:58,488] multiqc                                            [INFO   ]  Searching   : /glfs/brick01/gv0/putnamlab/jillashey/BIO594_FinalProject/QC/trimmed/41_ctl3_Ac_RN_2.fastq.trim_fastqc.zip
[2022-04-13 15:39:58,488] multiqc                                            [INFO   ]  Searching   : /glfs/brick01/gv0/putnamlab/jillashey/BIO594_FinalProject/QC/trimmed/42_2.fastq.trim_fastqc.zip
[2022-04-13 15:39:58,488] multiqc                                            [INFO   ]  Searching   : /glfs/brick01/gv0/putnamlab/jillashey/BIO594_FinalProject/QC/trimmed/4_2.fastq.trim_fastqc.zip
[2022-04-13 15:39:58,488] multiqc                                            [INFO   ]  Searching   : /glfs/brick01/gv0/putnamlab/jillashey/BIO594_FinalProject/QC/trimmed/45_T41_Ac_SC_2.fastq.trim_fastqc.zip
[2022-04-13 15:39:58,489] multiqc                                            [INFO   ]  Searching   : /glfs/brick01/gv0/putnamlab/jillashey/BIO594_FinalProject/QC/trimmed/47_2.fastq.trim_fastqc.zip
[2022-04-13 15:39:58,489] multiqc                                            [INFO   ]  Searching   : /glfs/brick01/gv0/putnamlab/jillashey/BIO594_FinalProject/QC/trimmed/47_T31_Ac_JB.fastq.trim_fastqc.zip
[2022-04-13 15:39:58,489] multiqc                                            [INFO   ]  Searching   : /glfs/brick01/gv0/putnamlab/jillashey/BIO594_FinalProject/QC/trimmed/52_T11_Ac_II.fastq.trim_fastqc.zip
[2022-04-13 15:39:58,489] multiqc                                            [INFO   ]  Searching   : /glfs/brick01/gv0/putnamlab/jillashey/BIO594_FinalProject/QC/trimmed/53_T21_Ac_NH.fastq.trim_fastqc.zip
[2022-04-13 15:39:58,489] multiqc                                            [INFO   ]  Searching   : /glfs/brick01/gv0/putnamlab/jillashey/BIO594_FinalProject/QC/trimmed/54_T42_Ac_JQ.fastq.trim_fastqc.zip
[2022-04-13 15:39:58,489] multiqc                                            [INFO   ]  Searching   : /glfs/brick01/gv0/putnamlab/jillashey/BIO594_FinalProject/QC/trimmed/57_T32_Ac_NM.fastq.trim_fastqc.zip
[2022-04-13 15:39:58,489] multiqc                                            [DEBUG  ]  Analysing modules: custom_content, conpair, peddy, somalier, methylQA, mosdepth, phantompeakqualtools, qualimap, preseq, quast, qorts, rna_seqc, rockhopper, rsem, rseqc, busco, goleft_indexcov, disambiguate, supernova, deeptools, sargasso, verifybamid, mirtrace, happy, mirtop, homer, macs2, theta2, snpeff, gatk, htseq, bcftools, featureCounts, fgbio, dragen, dedup, damageprofiler, biobambam2, mtnucratio, picard, prokka, samblaster, samtools, sexdeterrmine, bamtools, jellyfish, vcftools, longranger, stacks, varscan2, bbmap, bismark, biscuit, hicexplorer, hicup, hicpro, salmon, kallisto, slamdunk, star, hisat2, tophat, bowtie2, bowtie1, snpsplit, kat, leehom, adapterRemoval, clipandmerge, cutadapt, flexbar, kaiju, kraken, malt, trimmomatic, sickle, skewer, sortmerna, biobloomtools, fastq_screen, afterqc, fastp, fastqc, pycoqc, minionqc, multivcfanalyzer, clusterflow, bcl2fastq, interop, ivar, flash, seqyclean
[2022-04-13 15:39:58,490] multiqc                                            [DEBUG  ]  Using temporary directory for creating report: /tmp/tmpdikji59t
[2022-04-13 15:39:59,088] multiqc.plots.bargraph                             [DEBUG  ]  Using matplotlib version 3.2.1
[2022-04-13 15:39:59,106] multiqc.plots.linegraph                            [DEBUG  ]  Using matplotlib version 3.2.1
[2022-04-13 15:39:59,109] multiqc                                            [DEBUG  ]  No samples found: custom_content
[2022-04-13 15:39:59,114] multiqc                                            [DEBUG  ]  No samples found: conpair
[2022-04-13 15:39:59,120] multiqc                                            [DEBUG  ]  No samples found: peddy
[2022-04-13 15:39:59,126] multiqc                                            [DEBUG  ]  No samples found: somalier
[2022-04-13 15:39:59,131] multiqc                                            [DEBUG  ]  No samples found: methylQA
[2022-04-13 15:39:59,141] multiqc                                            [DEBUG  ]  No samples found: mosdepth
[2022-04-13 15:39:59,146] multiqc                                            [DEBUG  ]  No samples found: phantompeakqualtools
[2022-04-13 15:39:59,149] multiqc                                            [DEBUG  ]  No samples found: qualimap
[2022-04-13 15:39:59,154] multiqc                                            [DEBUG  ]  No samples found: preseq
[2022-04-13 15:39:59,159] multiqc                                            [DEBUG  ]  No samples found: quast
[2022-04-13 15:39:59,165] multiqc                                            [DEBUG  ]  No samples found: qorts
[2022-04-13 15:39:59,170] multiqc                                            [DEBUG  ]  No samples found: rna_seqc
[2022-04-13 15:39:59,176] multiqc                                            [DEBUG  ]  No samples found: rockhopper
[2022-04-13 15:39:59,181] multiqc                                            [DEBUG  ]  No samples found: rsem
[2022-04-13 15:39:59,194] multiqc                                            [DEBUG  ]  No samples found: rseqc
[2022-04-13 15:39:59,199] multiqc                                            [DEBUG  ]  No samples found: busco
[2022-04-13 15:39:59,205] multiqc                                            [DEBUG  ]  No samples found: goleft_indexcov
[2022-04-13 15:39:59,210] multiqc                                            [DEBUG  ]  No samples found: disambiguate
[2022-04-13 15:39:59,215] multiqc                                            [DEBUG  ]  No samples found: supernova
[2022-04-13 15:39:59,229] multiqc                                            [DEBUG  ]  No samples found: deeptools
[2022-04-13 15:39:59,234] multiqc                                            [DEBUG  ]  No samples found: sargasso
[2022-04-13 15:39:59,240] multiqc                                            [DEBUG  ]  No samples found: verifybamid
[2022-04-13 15:39:59,246] multiqc                                            [DEBUG  ]  No samples found: mirtrace
[2022-04-13 15:39:59,251] multiqc                                            [DEBUG  ]  No samples found: happy
[2022-04-13 15:39:59,256] multiqc                                            [DEBUG  ]  No samples found: mirtop
[2022-04-13 15:39:59,264] multiqc                                            [DEBUG  ]  No samples found: homer
[2022-04-13 15:39:59,269] multiqc                                            [DEBUG  ]  No samples found: macs2
[2022-04-13 15:39:59,274] multiqc                                            [DEBUG  ]  No samples found: theta2
[2022-04-13 15:39:59,279] multiqc                                            [DEBUG  ]  No samples found: snpeff
[2022-04-13 15:39:59,287] multiqc                                            [DEBUG  ]  No samples found: gatk
[2022-04-13 15:39:59,292] multiqc                                            [DEBUG  ]  No samples found: htseq
[2022-04-13 15:39:59,299] multiqc                                            [DEBUG  ]  No samples found: bcftools
[2022-04-13 15:39:59,304] multiqc                                            [DEBUG  ]  No samples found: featureCounts
[2022-04-13 15:39:59,312] multiqc                                            [DEBUG  ]  No samples found: fgbio
[2022-04-13 15:39:59,325] multiqc                                            [DEBUG  ]  No samples found: dragen
[2022-04-13 15:39:59,330] multiqc                                            [DEBUG  ]  No samples found: dedup
[2022-04-13 15:39:59,335] multiqc                                            [DEBUG  ]  No samples found: damageprofiler
[2022-04-13 15:39:59,358] multiqc                                            [DEBUG  ]  No samples found: biobambam2
[2022-04-13 15:39:59,363] multiqc                                            [DEBUG  ]  No samples found: mtnucratio
[2022-04-13 15:39:59,365] multiqc                                            [DEBUG  ]  No samples found: picard
[2022-04-13 15:39:59,371] multiqc                                            [DEBUG  ]  No samples found: prokka
[2022-04-13 15:39:59,377] multiqc                                            [DEBUG  ]  No samples found: samblaster
[2022-04-13 15:39:59,386] multiqc                                            [DEBUG  ]  No samples found: samtools
[2022-04-13 15:39:59,391] multiqc                                            [DEBUG  ]  No samples found: sexdeterrmine
[2022-04-13 15:39:59,397] multiqc                                            [DEBUG  ]  No samples found: bamtools
[2022-04-13 15:39:59,402] multiqc                                            [DEBUG  ]  No samples found: jellyfish
[2022-04-13 15:39:59,411] multiqc                                            [DEBUG  ]  No samples found: vcftools
[2022-04-13 15:39:59,417] multiqc                                            [DEBUG  ]  No samples found: longranger
[2022-04-13 15:39:59,422] multiqc                                            [DEBUG  ]  No samples found: stacks
[2022-04-13 15:39:59,427] multiqc                                            [DEBUG  ]  No samples found: varscan2
[2022-04-13 15:39:59,443] multiqc                                            [DEBUG  ]  No samples found: bbmap
[2022-04-13 15:39:59,448] multiqc                                            [DEBUG  ]  No samples found: bismark
[2022-04-13 15:39:59,454] multiqc                                            [DEBUG  ]  No samples found: biscuit
[2022-04-13 15:39:59,459] multiqc                                            [DEBUG  ]  No samples found: hicexplorer
[2022-04-13 15:39:59,465] multiqc                                            [DEBUG  ]  No samples found: hicup
[2022-04-13 15:39:59,471] multiqc                                            [DEBUG  ]  No samples found: hicpro
[2022-04-13 15:39:59,476] multiqc                                            [DEBUG  ]  No samples found: salmon
[2022-04-13 15:39:59,482] multiqc                                            [DEBUG  ]  No samples found: kallisto
[2022-04-13 15:39:59,487] multiqc                                            [DEBUG  ]  No samples found: slamdunk
[2022-04-13 15:39:59,492] multiqc                                            [DEBUG  ]  No samples found: star
[2022-04-13 15:39:59,497] multiqc                                            [DEBUG  ]  No samples found: hisat2
[2022-04-13 15:39:59,503] multiqc                                            [DEBUG  ]  No samples found: tophat
[2022-04-13 15:39:59,508] multiqc                                            [DEBUG  ]  No samples found: bowtie2
[2022-04-13 15:39:59,514] multiqc                                            [DEBUG  ]  No samples found: bowtie1
[2022-04-13 15:39:59,519] multiqc                                            [DEBUG  ]  No samples found: snpsplit
[2022-04-13 15:39:59,525] multiqc                                            [DEBUG  ]  No samples found: kat
[2022-04-13 15:39:59,530] multiqc                                            [DEBUG  ]  No samples found: leehom
[2022-04-13 15:39:59,535] multiqc                                            [DEBUG  ]  No samples found: adapterRemoval
[2022-04-13 15:39:59,541] multiqc                                            [DEBUG  ]  No samples found: clipandmerge
[2022-04-13 15:39:59,546] multiqc                                            [DEBUG  ]  No samples found: cutadapt
[2022-04-13 15:39:59,551] multiqc                                            [DEBUG  ]  No samples found: flexbar
[2022-04-13 15:39:59,556] multiqc                                            [DEBUG  ]  No samples found: kaiju
[2022-04-13 15:39:59,561] multiqc                                            [DEBUG  ]  No samples found: kraken
[2022-04-13 15:39:59,567] multiqc                                            [DEBUG  ]  No samples found: malt
[2022-04-13 15:39:59,572] multiqc                                            [DEBUG  ]  No samples found: trimmomatic
[2022-04-13 15:39:59,577] multiqc                                            [DEBUG  ]  No samples found: sickle
[2022-04-13 15:39:59,582] multiqc                                            [DEBUG  ]  No samples found: skewer
[2022-04-13 15:39:59,588] multiqc                                            [DEBUG  ]  No samples found: sortmerna
[2022-04-13 15:39:59,593] multiqc                                            [DEBUG  ]  No samples found: biobloomtools
[2022-04-13 15:39:59,598] multiqc                                            [DEBUG  ]  No samples found: fastq_screen
[2022-04-13 15:39:59,604] multiqc                                            [DEBUG  ]  No samples found: afterqc
[2022-04-13 15:39:59,609] multiqc                                            [DEBUG  ]  No samples found: fastp
[2022-04-13 15:40:00,169] multiqc.modules.fastqc.fastqc                      [INFO   ]  Found 28 reports
[2022-04-13 15:40:00,465] multiqc                                            [DEBUG  ]  No samples found: pycoqc
[2022-04-13 15:40:00,471] multiqc                                            [DEBUG  ]  No samples found: minionqc
[2022-04-13 15:40:00,476] multiqc                                            [DEBUG  ]  No samples found: multivcfanalyzer
[2022-04-13 15:40:00,483] multiqc                                            [DEBUG  ]  No samples found: clusterflow
[2022-04-13 15:40:00,489] multiqc                                            [DEBUG  ]  No samples found: bcl2fastq
[2022-04-13 15:40:00,495] multiqc                                            [DEBUG  ]  No samples found: interop
[2022-04-13 15:40:00,500] multiqc                                            [DEBUG  ]  No samples found: ivar
[2022-04-13 15:40:00,505] multiqc                                            [DEBUG  ]  No samples found: flash
[2022-04-13 15:40:00,511] multiqc                                            [DEBUG  ]  No samples found: seqyclean
[2022-04-13 15:40:00,540] multiqc                                            [INFO   ]  Compressing plot data
[2022-04-13 15:40:00,937] multiqc                                            [INFO   ]  Report      : multiqc_report.html
[2022-04-13 15:40:00,937] multiqc                                            [INFO   ]  Data        : multiqc_data
[2022-04-13 15:40:00,937] multiqc                                            [DEBUG  ]  Moving data file from '/tmp/tmpdikji59t/multiqc_data' to './multiqc_data'
[2022-04-13 15:40:01,461] multiqc                                            [INFO   ]  MultiQC complete
